<?xml version="1.0" encoding="UTF-8"?>
<testsuite xmlns:xsi="http://www.w3.org/2001/XMLSchema-instance" xsi:noNamespaceSchemaLocation="https://maven.apache.org/surefire/maven-surefire-plugin/xsd/surefire-test-report.xsd" name="stellar_burgers.api.UserTest" time="2.642" tests="3" errors="0" skipped="0" failures="0">
  <properties>
[...]
</properties>
  <testcase name="getUserInfoWithoutAuth" classname="stellar_burgers.api.UserTest" time="0.804"/>
  <testcase name="updateUserInfo" classname="stellar_burgers.api.UserTest" time="0.965"/>
  <testcase name="getUserInfo" classname="stellar_burgers.api.UserTest" time="0.872"/>
</testsuite>